
============================================================
 AIDC + Fluororesin Daily Crawl Pipeline
 Date: 2026-07-11
 Project: /c/Users/15337/Desktop/aidc-fluororesin-monitor
 Start: 2026-07-11 11:11:31
============================================================

[11:11:31] Using Python: 
[11:11:31] Using Python: 
[11:11:31] Activated agent-reach venv
[11:11:31] Activated agent-reach venv
[11:11:31] Local environment → using crawl_sources.py (full)
[11:11:31] Local environment → using crawl_sources.py (full)
[11:11:31] === STAGE 1: Multi-Source Crawl ===
[11:11:31] === STAGE 1: Multi-Source Crawl ===
[11:11:32] [WARN] Crawl had errors but continuing with partial data
[11:11:32] [WARN] Crawl had errors but continuing with partial data
[11:11:32] 
[11:11:32] 
[11:11:32] === STAGE 2: Cross-Verification ===
[11:11:32] === STAGE 2: Cross-Verification ===
[11:11:32] [WARN] Verification had errors, check logs
[11:11:32] [WARN] Verification had errors, check logs
[11:11:32] 
[11:11:32] 
[11:11:33] === STAGE 3: Generate Daily Reports ===
[11:11:33] === STAGE 3: Generate Daily Reports ===
[11:11:33] [WARN] Report generation had errors
[11:11:33] [WARN] Report generation had errors
[11:11:33] 
[11:11:33] 
[11:11:33] === STAGE 4: Update Website ===
[11:11:33] === STAGE 4: Update Website ===
[11:11:33] [WARN] Website data update had errors
[11:11:33] [WARN] Website data update had errors
[11:11:33] [WARN] Website build had errors
[11:11:33] [WARN] Website build had errors

============================================================
[11:11:33]  Pipeline Complete!
[11:11:33]  Pipeline Complete!
[11:11:33]  Date: 2026-07-11
[11:11:33]  Date: 2026-07-11
[11:11:33]  End: 2026-07-11 11:11:33
[11:11:33]  End: 2026-07-11 11:11:33
[11:11:33]  Log: /c/Users/15337/Desktop/aidc-fluororesin-monitor/logs/crawl_2026-07-11.log
[11:11:33]  Log: /c/Users/15337/Desktop/aidc-fluororesin-monitor/logs/crawl_2026-07-11.log
============================================================
